<?xml version="1.0" encoding="UTF-8"?>
<testng-results ignored="0" total="1" passed="1" failed="0" skipped="0">
  <reporter-output>
  </reporter-output>
  <suite started-at="2025-08-25T17:56:40 IST" name="Default suite" finished-at="2025-08-25T17:57:16 IST" duration-ms="36146">
    <groups>
    </groups>
    <test started-at="2025-08-25T17:56:40 IST" name="Default test" finished-at="2025-08-25T17:57:16 IST" duration-ms="36146">
      <class name="tests.InputText">
        <test-method is-config="true" signature="setup()[pri:0, instance:tests.InputText@478190fc]" started-at="2025-08-25T17:56:40 IST" name="setup" finished-at="2025-08-25T17:56:42 IST" duration-ms="1408" status="PASS">
          <reporter-output>
          </reporter-output>
        </test-method> <!-- setup -->
        <test-method signature="EnterTextIn_InputBox()[pri:0, instance:tests.InputText@478190fc]" started-at="2025-08-25T17:56:42 IST" name="EnterTextIn_InputBox" finished-at="2025-08-25T17:57:16 IST" duration-ms="34157" status="PASS">
          <reporter-output>
          </reporter-output>
        </test-method> <!-- EnterTextIn_InputBox -->
        <test-method is-config="true" signature="tearDown()[pri:0, instance:tests.InputText@478190fc]" started-at="2025-08-25T17:57:16 IST" name="tearDown" finished-at="2025-08-25T17:57:16 IST" duration-ms="227" status="PASS">
          <reporter-output>
          </reporter-output>
        </test-method> <!-- tearDown -->
      </class> <!-- tests.InputText -->
    </test> <!-- Default test -->
  </suite> <!-- Default suite -->
</testng-results>
